<?xml version="1.0" encoding="UTF-8"?>
<!-- Generated by org.testng.reporters.JUnitReportReporter -->
<testsuite hostname="DESKTOP-IP80BGQ" failures="0" tests="4" name="com.crm.qa.testcases.LoginPageTest" time="44.738" errors="0" timestamp="2022-04-03T10:42:09 IST" skipped="0">
  <testcase classname="com.crm.qa.testcases.LoginPageTest" name="titleTest" time="8.440"/>
  <system-out/>
  <testcase classname="com.crm.qa.testcases.LoginPageTest" name="logoTest" time="8.928"/>
  <system-out/>
  <testcase classname="com.crm.qa.testcases.LoginPageTest" name="forgetpasswordTest" time="10.497"/>
  <system-out/>
  <testcase classname="com.crm.qa.testcases.LoginPageTest" name="SigninpageTest" time="16.873"/>
  <system-out/>
</testsuite> <!-- com.crm.qa.testcases.LoginPageTest -->
