<?xml version="1.0" encoding="UTF-8"?>
<!-- Generated by org.testng.reporters.JUnitReportReporter -->
<testsuite hostname="DESKTOP-IP80BGQ" failures="0" tests="6" name="com.crm.qa.testcases.HomePageTest" time="104.672" errors="0" timestamp="2022-04-03T10:42:09 IST" skipped="0">
  <testcase classname="com.crm.qa.testcases.HomePageTest" name="usernamedisplayedTest" time="20.158"/>
  <system-out/>
  <testcase classname="com.crm.qa.testcases.HomePageTest" name="clickoncontactslink" time="17.198"/>
  <system-out/>
  <testcase classname="com.crm.qa.testcases.HomePageTest" name="clickondealslink" time="18.541"/>
  <system-out/>
  <testcase classname="com.crm.qa.testcases.HomePageTest" name="clickontaskslinkTest" time="18.471"/>
  <system-out/>
  <testcase classname="com.crm.qa.testcases.HomePageTest" name="homepagetitleTest" time="15.378"/>
  <system-out/>
  <testcase classname="com.crm.qa.testcases.HomePageTest" name="helplinkTest" time="14.926"/>
  <system-out/>
</testsuite> <!-- com.crm.qa.testcases.HomePageTest -->
